#
# A fatal error has been detected by the Java Runtime Environment:
#
#  SIGBUS (0x7) at pc=0x00007f8081614372, pid=2734, tid=140189017200384
#
# JRE version: 6.0_18-b18
# Java VM: OpenJDK 64-Bit Server VM (14.0-b16 mixed mode linux-amd64 )
# Derivative: IcedTea6 1.8.9
# Distribution: Debian GNU/Linux 6.0.2 (squeeze), package 6b18-1.8.9-0.1~squeeze1
# Problematic frame:
# C  [libzip.so+0x4372]
#
# If you would like to submit a bug report, please include
# instructions how to reproduce the bug and visit:
#   http://icedtea.classpath.org/bugzilla
# The crash happened outside the Java Virtual Machine in native code.
# See problematic frame for where to report the bug.
#

---------------  T H R E A D  ---------------

Current thread (0x0000000001b53000):  JavaThread "ContainerBackgroundProcessor[StandardEngine[Catalina]]" daemon [_thread_in_native, id=2771, stack(0x00007f804c825000,0x00007f804c926000)]

siginfo:si_signo=SIGBUS: si_errno=0, si_code=2 (BUS_ADRERR), si_addr=0x00007f80543bd156

Registers:
RAX=0x0000000001a7d5a0, RBX=0x00007f80543bd139, RCX=0x0000000001a7d590, RDX=0x00007f808390ee40
RSP=0x00007f804c923250, RBP=0x00007f804c923290, RSI=0x0000000000000040, RDI=0x00007f808390ee40
R8 =0x0000000001a7d590, R9 =0x000000000000050f, R10=0x4c6362644a2f7265, R11=0x00007f804c9237e0
R12=0x0000000001a7d5a0, R13=0x00007f8050096210, R14=0x00007f804c923300, R15=0x0000000001a7d5a0
RIP=0x00007f8081614372, EFL=0x0000000000010206, CSGSFS=0x0000000000000033, ERR=0x0000000000000004
  TRAPNO=0x000000000000000e

Top of Stack: (sp=0x00007f804c923250)
0x00007f804c923250:   00007f80500962c0 00007f8083050e51
0x00007f804c923260:   000000000000017c 00007f8050097030
0x00007f804c923270:   00007f8050096210 0000000068ffcb16
0x00007f804c923280:   00007f804c923300 0000000000000033
0x00007f804c923290:   00007f804c9232e0 00007f8081614934
0x00007f804c9232a0:   0000000001b53000 0000000001854600
0x00007f804c9232b0:   00007f804c9232e0 0000000001b531b8
0x00007f804c9232c0:   00007f804c923300 0000000000000033
0x00007f804c9232d0:   00007f804c923758 00007f804c923300
0x00007f804c9232e0:   00007f804c923740 00007f8081613984
0x00007f804c9232f0:   0000003301010120 00007f8050096210
0x00007f804c923300:   636170612f67726f 6c617461632f6568
0x00007f804c923310:   64616f6c2f616e69 4c6362644a2f7265
0x00007f804c923320:   65766572506b6165 6c632e6e6f69746e
0x00007f804c923330:   00007f0000737361 00000000017824c0
0x00007f804c923340:   0000000000000000 0000000000000000
0x00007f804c923350:   0000000000000000 00007f8000000000
0x00007f804c923360:   00000000017824b8 00007f804c9233d0
0x00007f804c923370:   00007f804c923430 0000000001b53000
0x00007f804c923380:   0000000000000000 00007f804c923410
0x00007f804c923390:   0000000001b53000 0000000001a5b4a8
0x00007f804c9233a0:   00007f804c923550 00007f8082f034aa
0x00007f804c9233b0:   0000000001b53000 00007f805581ebb5
0x00007f804c9233c0:   00007f804c923450 0000000001a5b4a0
0x00007f804c9233d0:   00007f8083548fd0 00000000017824a8
0x00007f804c9233e0:   0000000000000000 00007f800000000d
0x00007f804c9233f0:   00007f804c923220 0000003000000020
0x00007f804c923400:   00007f804c923560 00007f804c923470
0x00007f804c923410:   0000000001b53000 0000000000000000
0x00007f804c923420:   00007f8075716390 0000000000000000
0x00007f804c923430:   0000003000000018 00007f804c923560
0x00007f804c923440:   00007f804c923470 00007f805ffcab50 

Instructions: (pc=0x00007f8081614372)
0x00007f8081614362:   28 00 00 00 00 8b 5b 04 49 2b 5d 28 49 03 5d 18
0x00007f8081614372:   44 0f b6 73 1d 0f b6 43 1c 41 c1 e6 08 41 09 c6 

Stack: [0x00007f804c825000,0x00007f804c926000],  sp=0x00007f804c923250,  free space=1016k
Native frames: (J=compiled Java code, j=interpreted, Vv=VM code, C=native code)
C  [libzip.so+0x4372]
C  [libzip.so+0x4934]  ZIP_GetEntry+0xc4
C  [libzip.so+0x3984]  Java_java_util_zip_ZipFile_getEntry+0xc4
J  java.util.zip.ZipFile.getEntry(JLjava/lang/String;Z)J

Java frames: (J=compiled Java code, j=interpreted, Vv=VM code)
J  java.util.zip.ZipFile.getEntry(JLjava/lang/String;Z)J
J  java.util.jar.JarFile.getEntry(Ljava/lang/String;)Ljava/util/zip/ZipEntry;
J  sun.misc.URLClassPath.findResource(Ljava/lang/String;Z)Ljava/net/URL;
j  java.net.URLClassLoader$2.run()Ljava/lang/Object;+12
v  ~StubRoutines::call_stub
j  java.security.AccessController.doPrivileged(Ljava/security/PrivilegedAction;Ljava/security/AccessControlContext;)Ljava/lang/Object;+0
j  java.net.URLClassLoader.findResource(Ljava/lang/String;)Ljava/net/URL;+13
j  java.lang.ClassLoader.getResource(Ljava/lang/String;)Ljava/net/URL;+30
j  java.lang.ClassLoader.getResourceAsStream(Ljava/lang/String;)Ljava/io/InputStream;+2
j  org.apache.catalina.loader.WebappClassLoader.getResourceAsStream(Ljava/lang/String;)Ljava/io/InputStream;+326
j  org.apache.catalina.loader.WebappClassLoader.clearReferencesJdbc()V+4
j  org.apache.catalina.loader.WebappClassLoader.clearReferences()V+1
j  org.apache.catalina.loader.WebappClassLoader.stop()V+1
j  org.apache.catalina.loader.WebappLoader.stopInternal()V+69
j  org.apache.catalina.util.LifecycleBase.stop()V+227
j  org.apache.catalina.core.StandardContext.stopInternal()V+361
j  org.apache.catalina.util.LifecycleBase.stop()V+227
j  org.apache.catalina.core.ContainerBase.removeChild(Lorg/apache/catalina/Container;)V+68
J  org.apache.catalina.startup.HostConfig.checkResources(Lorg/apache/catalina/startup/HostConfig$DeployedApplication;)V
j  org.apache.catalina.startup.HostConfig.check()V+57
j  org.apache.catalina.startup.HostConfig.lifecycleEvent(Lorg/apache/catalina/LifecycleEvent;)V+13
J  org.apache.catalina.core.ContainerBase.backgroundProcess()V
J  org.apache.catalina.core.ContainerBase$ContainerBackgroundProcessor.processChildren(Lorg/apache/catalina/Container;Ljava/lang/ClassLoader;)V
j  org.apache.catalina.core.ContainerBase$ContainerBackgroundProcessor.run()V+81
j  java.lang.Thread.run()V+11
v  ~StubRoutines::call_stub

---------------  P R O C E S S  ---------------

Java Threads: ( => current thread )
  0x0000000001a7b800 JavaThread "Thread-8" [_thread_blocked, id=4620, stack(0x00007f804b001000,0x00007f804b102000)]
  0x0000000001a79000 JavaThread "SIGTERM handler" daemon [_thread_blocked, id=4616, stack(0x00007f804c926000,0x00007f804ca27000)]
  0x0000000001a76800 JavaThread "JavaBridgeContextRunner#7" daemon [_thread_blocked, id=3590, stack(0x00007f804b203000,0x00007f804b304000)]
  0x0000000001a53800 JavaThread "JavaBridgeContextRunner#6" daemon [_thread_blocked, id=3428, stack(0x00007f804b304000,0x00007f804b405000)]
  0x000000000192e800 JavaThread "JavaBridgeContextRunner#5" daemon [_thread_blocked, id=3342, stack(0x00007f804b405000,0x00007f804b506000)]
  0x0000000001a80000 JavaThread "JavaBridgeContextRunner#4" daemon [_thread_blocked, id=3157, stack(0x00007f804b506000,0x00007f804b607000)]
  0x0000000001a7d800 JavaThread "JavaBridgeContextRunner#3" daemon [_thread_blocked, id=3127, stack(0x00007f804b607000,0x00007f804b708000)]
  0x0000000001570800 JavaThread "http-bio-8080-exec-10" daemon [_thread_blocked, id=3054, stack(0x00007f804b708000,0x00007f804b809000)]
  0x000000000156e000 JavaThread "http-bio-8080-exec-9" daemon [_thread_blocked, id=3053, stack(0x00007f804b809000,0x00007f804b90a000)]
  0x0000000001696000 JavaThread "http-bio-8080-exec-8" daemon [_thread_blocked, id=3048, stack(0x00007f804b90a000,0x00007f804ba0b000)]
  0x0000000001a4a000 JavaThread "http-bio-8080-exec-7" daemon [_thread_blocked, id=3047, stack(0x00007f804ba0b000,0x00007f804bb0c000)]
  0x00000000018df000 JavaThread "http-bio-8080-exec-6" daemon [_thread_blocked, id=3028, stack(0x00007f804bb0c000,0x00007f804bc0d000)]
  0x00000000019dc000 JavaThread "http-bio-8080-exec-5" daemon [_thread_blocked, id=3027, stack(0x00007f804bc0d000,0x00007f804bd0e000)]
  0x00000000019da000 JavaThread "http-bio-8080-exec-4" daemon [_thread_blocked, id=3008, stack(0x00007f804bd0e000,0x00007f804be0f000)]
  0x0000000001a6c800 JavaThread "JavaBridgeContextRunner#2" daemon [_thread_blocked, id=3007, stack(0x00007f804be0f000,0x00007f804bf10000)]
  0x0000000001a6e800 JavaThread "http-bio-8080-exec-3" daemon [_thread_blocked, id=3006, stack(0x00007f804bf10000,0x00007f804c011000)]
  0x0000000001a5a800 JavaThread "http-bio-8080-exec-2" daemon [_thread_blocked, id=2782, stack(0x00007f804c011000,0x00007f804c112000)]
  0x0000000001584000 JavaThread "JavaBridgeContextRunner#1" daemon [_thread_blocked, id=2779, stack(0x00007f804c112000,0x00007f804c213000)]
  0x0000000001aaf000 JavaThread "JavaBridgeSessionTimer" daemon [_thread_blocked, id=2778, stack(0x00007f804c213000,0x00007f804c314000)]
  0x0000000001a57000 JavaThread "JavaBridgeSocketContextServer(9267)" daemon [_thread_in_native, id=2777, stack(0x00007f804c314000,0x00007f804c415000)]
  0x0000000001b73000 JavaThread "ajp-bio-8009-AsyncTimeout" daemon [_thread_blocked, id=2776, stack(0x00007f804c421000,0x00007f804c522000)]
  0x00000000018ef800 JavaThread "ajp-bio-8009-Acceptor-0" daemon [_thread_in_native, id=2775, stack(0x00007f804c522000,0x00007f804c623000)]
  0x0000000001b99800 JavaThread "http-bio-8080-exec-1" daemon [_thread_blocked, id=2774, stack(0x00007f804c623000,0x00007f804c724000)]
  0x0000000001b98800 JavaThread "http-bio-8080-AsyncTimeout" daemon [_thread_blocked, id=2773, stack(0x00007f804c724000,0x00007f804c825000)]
  0x0000000001c30800 JavaThread "http-bio-8080-Acceptor-0" daemon [_thread_blocked, id=2772, stack(0x00007f804cb28000,0x00007f804cc29000)]
=>0x0000000001b53000 JavaThread "ContainerBackgroundProcessor[StandardEngine[Catalina]]" daemon [_thread_in_native, id=2771, stack(0x00007f804c825000,0x00007f804c926000)]
  0x0000000001b7f000 JavaThread "JavaBridgeFastCGIRunner" daemon [_thread_in_native, id=2755, stack(0x00007f804ca27000,0x00007f804cb28000)]
  0x0000000001a61800 JavaThread "GC Daemon" daemon [_thread_blocked, id=2746, stack(0x00007f804e2e1000,0x00007f804e3e2000)]
  0x000000000152f800 JavaThread "Low Memory Detector" daemon [_thread_blocked, id=2744, stack(0x00007f8054701000,0x00007f8054802000)]
  0x000000000152a800 JavaThread "CompilerThread1" daemon [_thread_blocked, id=2743, stack(0x00007f8054802000,0x00007f8054903000)]
  0x0000000001528000 JavaThread "CompilerThread0" daemon [_thread_blocked, id=2742, stack(0x00007f8054903000,0x00007f8054a04000)]
  0x000000000151a000 JavaThread "Signal Dispatcher" daemon [_thread_blocked, id=2741, stack(0x00007f8054a04000,0x00007f8054b05000)]
  0x0000000001502800 JavaThread "Finalizer" daemon [_thread_blocked, id=2740, stack(0x00007f8054c7a000,0x00007f8054d7b000)]
  0x0000000001501000 JavaThread "Reference Handler" daemon [_thread_blocked, id=2739, stack(0x00007f8054d7b000,0x00007f8054e7c000)]
  0x0000000001495000 JavaThread "main" [_thread_in_native, id=2735, stack(0x00007f808424a000,0x00007f808434b000)]

Other Threads:
  0x00000000014f9000 VMThread [stack: 0x00007f8054e7c000,0x00007f8054f7d000] [id=2738]
  0x0000000001532000 WatcherThread [stack: 0x00007f8054600000,0x00007f8054701000] [id=2745]

VM state:not at safepoint (normal execution)

VM Mutex/Monitor currently owned by a thread: None

Heap
 PSYoungGen      total 56128K, used 20750K [0x00007f8074370000, 0x00007f8077ce0000, 0x00007f807e610000)
  eden space 53568K, 38% used [0x00007f8074370000,0x00007f80757b3990,0x00007f80777c0000)
  from space 2560K, 0% used [0x00007f80777c0000,0x00007f80777c0000,0x00007f8077a40000)
  to   space 2624K, 0% used [0x00007f8077a50000,0x00007f8077a50000,0x00007f8077ce0000)
 PSOldGen        total 20800K, used 7562K [0x00007f805fe10000, 0x00007f8061260000, 0x00007f8074370000)
  object space 20800K, 36% used [0x00007f805fe10000,0x00007f8060572a58,0x00007f8061260000)
 PSPermGen       total 33792K, used 19407K [0x00007f8055610000, 0x00007f8057710000, 0x00007f805fe10000)
  object space 33792K, 57% used [0x00007f8055610000,0x00007f8056903eb8,0x00007f8057710000)

Dynamic libraries:
00400000-00409000 r-xp 00000000 08:07 3637346                            /usr/lib/jvm/java-6-openjdk/jre/bin/java
00608000-00609000 rw-p 00008000 08:07 3637346                            /usr/lib/jvm/java-6-openjdk/jre/bin/java
0148c000-0241a000 rw-p 00000000 00:00 0                                  [heap]
7f804af00000-7f804af03000 rwxp 00000000 00:00 0 
7f804af03000-7f804b001000 rw-p 00000000 00:00 0 
7f804b001000-7f804b004000 ---p 00000000 00:00 0 
7f804b004000-7f804b102000 rw-p 00000000 00:00 0 
7f804b102000-7f804b105000 rwxp 00000000 00:00 0 
7f804b105000-7f804b203000 rw-p 00000000 00:00 0 
7f804b203000-7f804b206000 ---p 00000000 00:00 0 
7f804b206000-7f804b304000 rw-p 00000000 00:00 0 
7f804b304000-7f804b307000 ---p 00000000 00:00 0 
7f804b307000-7f804b405000 rw-p 00000000 00:00 0 
7f804b405000-7f804b408000 ---p 00000000 00:00 0 
7f804b408000-7f804b506000 rw-p 00000000 00:00 0 
7f804b506000-7f804b509000 ---p 00000000 00:00 0 
7f804b509000-7f804b607000 rw-p 00000000 00:00 0 
7f804b607000-7f804b60a000 ---p 00000000 00:00 0 
7f804b60a000-7f804b708000 rw-p 00000000 00:00 0 
7f804b708000-7f804b70b000 ---p 00000000 00:00 0 
7f804b70b000-7f804b809000 rw-p 00000000 00:00 0 
7f804b809000-7f804b80c000 ---p 00000000 00:00 0 
7f804b80c000-7f804b90a000 rw-p 00000000 00:00 0 
7f804b90a000-7f804b90d000 ---p 00000000 00:00 0 
7f804b90d000-7f804ba0b000 rw-p 00000000 00:00 0 
7f804ba0b000-7f804ba0e000 ---p 00000000 00:00 0 
7f804ba0e000-7f804bb0c000 rw-p 00000000 00:00 0 
7f804bb0c000-7f804bb0f000 ---p 00000000 00:00 0 
7f804bb0f000-7f804bc0d000 rw-p 00000000 00:00 0 
7f804bc0d000-7f804bc10000 ---p 00000000 00:00 0 
7f804bc10000-7f804bd0e000 rw-p 00000000 00:00 0 
7f804bd0e000-7f804bd11000 ---p 00000000 00:00 0 
7f804bd11000-7f804be0f000 rw-p 00000000 00:00 0 
7f804be0f000-7f804be12000 ---p 00000000 00:00 0 
7f804be12000-7f804bf10000 rw-p 00000000 00:00 0 
7f804bf10000-7f804bf13000 ---p 00000000 00:00 0 
7f804bf13000-7f804c011000 rw-p 00000000 00:00 0 
7f804c011000-7f804c014000 ---p 00000000 00:00 0 
7f804c014000-7f804c112000 rw-p 00000000 00:00 0 
7f804c112000-7f804c115000 ---p 00000000 00:00 0 
7f804c115000-7f804c213000 rw-p 00000000 00:00 0 
7f804c213000-7f804c216000 ---p 00000000 00:00 0 
7f804c216000-7f804c314000 rw-p 00000000 00:00 0 
7f804c314000-7f804c317000 ---p 00000000 00:00 0 
7f804c317000-7f804c415000 rw-p 00000000 00:00 0 
7f804c421000-7f804c424000 ---p 00000000 00:00 0 
7f804c424000-7f804c522000 rw-p 00000000 00:00 0 
7f804c522000-7f804c525000 ---p 00000000 00:00 0 
7f804c525000-7f804c623000 rw-p 00000000 00:00 0 
7f804c623000-7f804c626000 ---p 00000000 00:00 0 
7f804c626000-7f804c724000 rw-p 00000000 00:00 0 
7f804c724000-7f804c727000 ---p 00000000 00:00 0 
7f804c727000-7f804c825000 rw-p 00000000 00:00 0 
7f804c825000-7f804c828000 ---p 00000000 00:00 0 
7f804c828000-7f804c926000 rw-p 00000000 00:00 0 
7f804c926000-7f804c929000 ---p 00000000 00:00 0 
7f804c929000-7f804ca27000 rw-p 00000000 00:00 0 
7f804ca27000-7f804ca2a000 ---p 00000000 00:00 0 
7f804ca2a000-7f804cb28000 rw-p 00000000 00:00 0 
7f804cb28000-7f804cb2b000 ---p 00000000 00:00 0 
7f804cb2b000-7f804cc29000 rw-p 00000000 00:00 0 
7f804cc29000-7f804cc3e000 r-xp 00000000 08:07 3638436                    /usr/lib/jvm/java-6-openjdk/jre/lib/amd64/libnet.so
7f804cc3e000-7f804ce3d000 ---p 00015000 08:07 3638436                    /usr/lib/jvm/java-6-openjdk/jre/lib/amd64/libnet.so
7f804ce3d000-7f804ce3e000 rw-p 00014000 08:07 3638436                    /usr/lib/jvm/java-6-openjdk/jre/lib/amd64/libnet.so
7f804ce3e000-7f804ce9a000 r-xp 00000000 08:07 3572445                    /usr/lib/nss/libfreebl3.so
7f804ce9a000-7f804d09a000 ---p 0005c000 08:07 3572445                    /usr/lib/nss/libfreebl3.so
7f804d09a000-7f804d09c000 rw-p 0005c000 08:07 3572445                    /usr/lib/nss/libfreebl3.so
7f804d09c000-7f804d0a0000 rw-p 00000000 00:00 0 
7f804d0a0000-7f804d134000 r-xp 00000000 08:07 3312508                    /usr/lib/libsqlite3.so.0.8.6
7f804d134000-7f804d333000 ---p 00094000 08:07 3312508                    /usr/lib/libsqlite3.so.0.8.6
7f804d333000-7f804d337000 rw-p 00093000 08:07 3312508                    /usr/lib/libsqlite3.so.0.8.6
7f804d337000-7f804d36d000 r-xp 00000000 08:07 3572446                    /usr/lib/nss/libsoftokn3.so
7f804d36d000-7f804d56c000 ---p 00036000 08:07 3572446                    /usr/lib/nss/libsoftokn3.so
7f804d56c000-7f804d56e000 rw-p 00035000 08:07 3572446                    /usr/lib/nss/libsoftokn3.so
7f804d56e000-7f804d5a7000 r-xp 00000000 08:07 1695919                    /usr/lib/libnspr4.so.0d
7f804d5a7000-7f804d7a7000 ---p 00039000 08:07 1695919                    /usr/lib/libnspr4.so.0d
7f804d7a7000-7f804d7a9000 rw-p 00039000 08:07 1695919                    /usr/lib/libnspr4.so.0d
7f804d7a9000-7f804d7ac000 rw-p 00000000 00:00 0 
7f804d7ac000-7f804d7af000 r-xp 00000000 08:07 1695921                    /usr/lib/libplds4.so.0d
7f804d7af000-7f804d9ae000 ---p 00003000 08:07 1695921                    /usr/lib/libplds4.so.0d
7f804d9ae000-7f804d9af000 rw-p 00002000 08:07 1695921                    /usr/lib/libplds4.so.0d
7f804d9af000-7f804d9b3000 r-xp 00000000 08:07 1695920                    /usr/lib/libplc4.so.0d
7f804d9b3000-7f804dbb2000 ---p 00004000 08:07 1695920                    /usr/lib/libplc4.so.0d
7f804dbb2000-7f804dbb3000 rw-p 00003000 08:07 1695920                    /usr/lib/libplc4.so.0d
7f804dbb3000-7f804dbca000 r-xp 00000000 08:07 1696014                    /usr/lib/libnssutil3.so.1d
7f804dbca000-7f804ddc9000 ---p 00017000 08:07 1696014                    /usr/lib/libnssutil3.so.1d
7f804ddc9000-7f804ddcf000 rw-p 00016000 08:07 1696014                    /usr/lib/libnssutil3.so.1d
7f804ddcf000-7f804decb000 r-xp 00000000 08:07 1696013                    /usr/lib/libnss3.so.1d
7f804decb000-7f804e0cb000 ---p 000fc000 08:07 1696013                    /usr/lib/libnss3.so.1d
7f804e0cb000-7f804e0d2000 rw-p 000fc000 08:07 1696013                    /usr/lib/libnss3.so.1d
7f804e0d2000-7f804e0d3000 rw-p 00000000 00:00 0 
7f804e0d3000-7f804e0e1000 r-xp 00000000 08:07 3638422                    /usr/lib/jvm/java-6-openjdk/jre/lib/amd64/libj2pkcs11.so
7f804e0e1000-7f804e2e0000 ---p 0000e000 08:07 3638422                    /usr/lib/jvm/java-6-openjdk/jre/lib/amd64/libj2pkcs11.so
7f804e2e0000-7f804e2e1000 rw-p 0000d000 08:07 3638422                    /usr/lib/jvm/java-6-openjdk/jre/lib/amd64/libj2pkcs11.so
7f804e2e1000-7f804e2e4000 ---p 00000000 00:00 0 
7f804e2e4000-7f804e3e2000 rw-p 00000000 00:00 0 
7f804e3e2000-7f804e3eb000 r-xp 00000000 08:07 3638430                    /usr/lib/jvm/java-6-openjdk/jre/lib/amd64/libjpeg.so
7f804e3eb000-7f804e5eb000 ---p 00009000 08:07 3638430                    /usr/lib/jvm/java-6-openjdk/jre/lib/amd64/libjpeg.so
7f804e5eb000-7f804e5ec000 rw-p 00009000 08:07 3638430                    /usr/lib/jvm/java-6-openjdk/jre/lib/amd64/libjpeg.so
7f804e5ec000-7f804e61d000 r-xp 00000000 08:07 3638433                    /usr/lib/jvm/java-6-openjdk/jre/lib/amd64/liblcms.so
7f804e61d000-7f804e81c000 ---p 00031000 08:07 3638433                    /usr/lib/jvm/java-6-openjdk/jre/lib/amd64/liblcms.so
7f804e81c000-7f804e81e000 rw-p 00030000 08:07 3638433                    /usr/lib/jvm/java-6-openjdk/jre/lib/amd64/liblcms.so
7f804e81e000-7f804e820000 rw-p 00000000 00:00 0 
7f804e820000-7f804e825000 r-xp 00000000 08:07 3314788                    /usr/lib/libXdmcp.so.6.0.0
7f804e825000-7f804ea24000 ---p 00005000 08:07 3314788                    /usr/lib/libXdmcp.so.6.0.0
7f804ea24000-7f804ea25000 rw-p 00004000 08:07 3314788                    /usr/lib/libXdmcp.so.6.0.0
7f804ea25000-7f804ea27000 r-xp 00000000 08:07 3314786                    /usr/lib/libXau.so.6.0.0
7f804ea27000-7f804ec27000 ---p 00002000 08:07 3314786                    /usr/lib/libXau.so.6.0.0
7f804ec27000-7f804ec28000 rw-p 00002000 08:07 3314786                    /usr/lib/libXau.so.6.0.0
7f804ec28000-7f804ec44000 r-xp 00000000 08:07 3314790                    /usr/lib/libxcb.so.1.1.0
7f804ec44000-7f804ee43000 ---p 0001c000 08:07 3314790                    /usr/lib/libxcb.so.1.1.0
7f804ee43000-7f804ee44000 rw-p 0001b000 08:07 3314790                    /usr/lib/libxcb.so.1.1.0
7f804ee44000-7f804ee53000 r-xp 00000000 08:07 3314809                    /usr/lib/libXi.so.6.1.0
7f804ee53000-7f804f052000 ---p 0000f000 08:07 3314809                    /usr/lib/libXi.so.6.1.0
7f804f052000-7f804f053000 rw-p 0000e000 08:07 3314809                    /usr/lib/libXi.so.6.1.0
7f804f053000-7f804f058000 r-xp 00000000 08:07 3316476                    /usr/lib/libXtst.so.6.1.0
7f804f058000-7f804f258000 ---p 00005000 08:07 3316476                    /usr/lib/libXtst.so.6.1.0
7f804f258000-7f804f259000 rw-p 00005000 08:07 3316476                    /usr/lib/libXtst.so.6.1.0
7f804f259000-7f804f262000 r-xp 00000000 08:07 3314813                    /usr/lib/libXrender.so.1.3.0
7f804f262000-7f804f462000 ---p 00009000 08:07 3314813                    /usr/lib/libXrender.so.1.3.0
7f804f462000-7f804f463000 rw-p 00009000 08:07 3314813                    /usr/lib/libXrender.so.1.3.0
7f804f463000-7f804f598000 r-xp 00000000 08:07 3314794                    /usr/lib/libX11.so.6.3.0
7f804f598000-7f804f798000 ---p 00135000 08:07 3314794                    /usr/lib/libX11.so.6.3.0
7f804f798000-7f804f79e000 rw-p 00135000 08:07 3314794                    /usr/lib/libX11.so.6.3.0
7f804f79e000-7f804f7af000 r-xp 00000000 08:07 3314796                    /usr/lib/libXext.so.6.4.0
7f804f7af000-7f804f9af000 ---p 00011000 08:07 3314796                    /usr/lib/libXext.so.6.4.0
7f804f9af000-7f804f9b0000 rw-p 00011000 08:07 3314796                    /usr/lib/libXext.so.6.4.0
7f804f9b0000-7f804f9fc000 r-xp 00000000 08:07 3637290                    /usr/lib/jvm/java-6-openjdk/jre/lib/amd64/xawt/libmawt.so
7f804f9fc000-7f804fbfb000 ---p 0004c000 08:07 3637290                    /usr/lib/jvm/java-6-openjdk/jre/lib/amd64/xawt/libmawt.so
7f804fbfb000-7f804fbfe000 rw-p 0004b000 08:07 3637290                    /usr/lib/jvm/java-6-openjdk/jre/lib/amd64/xawt/libmawt.so
7f804fbfe000-7f804fc00000 rw-p 00000000 00:00 0 
7f804fc00000-7f804fca2000 r-xp 00000000 08:07 3638414                    /usr/lib/jvm/java-6-openjdk/jre/lib/amd64/libawt.so
7f804fca2000-7f804fea1000 ---p 000a2000 08:07 3638414                    /usr/lib/jvm/java-6-openjdk/jre/lib/amd64/libawt.so
7f804fea1000-7f804fead000 rw-p 000a1000 08:07 3638414                    /usr/lib/jvm/java-6-openjdk/jre/lib/amd64/libawt.so
7f804fead000-7f804fed1000 rw-p 00000000 00:00 0 
7f804fed1000-7f804fed4000 r--s 00077000 08:07 3638003                    /usr/lib/jvm/java-6-openjdk/jre/lib/ext/localedata.jar
7f804ff9e000-7f804ffac000 r--s 00351000 08:07 3314224                    /usr/lib/jvm/java-6-openjdk/jre/lib/charsets.jar
7f804ffac000-7f804ffba000 r--s 00351000 08:07 3314224                    /usr/lib/jvm/java-6-openjdk/jre/lib/charsets.jar
7f804ffba000-7f804ffbd000 r--s 00031000 08:07 3638002                    /usr/lib/jvm/java-6-openjdk/jre/lib/ext/sunjce_provider.jar
7f804ffbd000-7f804ffc0000 r--s 00038000 08:07 3399731                    /usr/lib/jvm/java-6-openjdk/jre/lib/ext/sunpkcs11.jar
7f804ffc0000-7f804ffc2000 r--s 00013000 08:07 3637990                    /usr/lib/jvm/java-6-openjdk/jre/lib/jce.jar
7f804ffc2000-7f804ffc9000 r--s 00102000 08:07 3637983                    /usr/lib/jvm/java-6-openjdk/jre/lib/resources.jar
7f804ffc9000-7f804ffd1000 r--s 00028000 08:06 25862                      /apache-tomcat-7.0.22/lib/xml-apis.jar
7f804ffd1000-7f804ffd6000 r--s 00010000 08:06 25861                      /apache-tomcat-7.0.22/lib/xml-apis-ext.jar
7f804ffd6000-7f804ffe4000 r--s 000b7000 08:06 25859                      /apache-tomcat-7.0.22/lib/velocity-1.7-dep.jar
7f804ffe4000-7f804ffe7000 r--s 0001a000 08:06 21305                      /apache-tomcat-7.0.22/lib/tomcat-jdbc.jar
7f804ffe7000-7f8050000000 r--s 00136000 08:06 25856                      /apache-tomcat-7.0.22/lib/swingx-2007_10_07.jar
7f8050000000-7f8050dd3000 rw-p 00000000 00:00 0 
7f8050dd3000-7f8054000000 ---p 00000000 00:00 0 
7f8054000000-7f8054002000 r--s 0000a000 08:06 21303                      /apache-tomcat-7.0.22/lib/tomcat-i18n-fr.jar
7f8054002000-7f8054004000 r--s 00011000 08:06 21302                      /apache-tomcat-7.0.22/lib/tomcat-i18n-es.jar
7f8054004000-7f8054008000 r--s 00036000 08:06 21300                      /apache-tomcat-7.0.22/lib/tomcat-dbcp.jar
7f8054008000-7f8054014000 r--s 000a9000 08:06 21299                      /apache-tomcat-7.0.22/lib/tomcat-coyote.jar
7f8054014000-7f8054021000 r--s 0008e000 08:06 25855                      /apache-tomcat-7.0.22/lib/sqleonardo-2009.03.rc1.jar
7f8054021000-7f8054060000 r--s 00277000 08:06 25854                      /apache-tomcat-7.0.22/lib/spring.jar
7f8054060000-7f8054062000 r--s 00001000 08:06 25853                      /apache-tomcat-7.0.22/lib/slf4j-log4j12.jar
7f8054062000-7f8054063000 r--s 00003000 08:06 25852                      /apache-tomcat-7.0.22/lib/slf4j-api.jar
7f8054063000-7f8054067000 r--s 00028000 08:06 21297                      /apache-tomcat-7.0.22/lib/servlet-api.jar
7f8054067000-7f8054069000 r--s 00003000 08:06 25851                      /apache-tomcat-7.0.22/lib/saaj-api-1.3.jar
7f8054069000-7f8054078000 r--s 000be000 08:06 25848                      /apache-tomcat-7.0.22/lib/rex-20080421.jar
7f8054078000-7f805407e000 r--s 00081000 08:06 22960                      /apache-tomcat-7.0.22/lib/postgresql-9.1-901.jdbc4.jar
7f805407e000-7f80540fb000 r--s 0031d000 08:06 25847                      /apache-tomcat-7.0.22/lib/poi-ooxml-schemas-3.6-20091214.jar
7f80540fb000-7f8054101000 r--s 0005f000 08:06 25846                      /apache-tomcat-7.0.22/lib/poi-ooxml-3.6-20091214.jar
7f8054101000-7f805411c000 r--s 0015d000 08:06 25845                      /apache-tomcat-7.0.22/lib/poi-3.6.jar
7f805411c000-7f805411d000 r--s 00002000 08:06 25842                      /apache-tomcat-7.0.22/lib/png-encoder-1.5.jar
7f805411d000-7f8054125000 r--s 00065000 08:06 25841                      /apache-tomcat-7.0.22/lib/olap4j-0.9.7.309-JS.jar
7f8054125000-7f805414f000 r--s 00288000 08:06 25840                      /apache-tomcat-7.0.22/lib/mondrian-3.2.0-13661-JS.jar
7f805414f000-7f8054156000 r--s 00059000 08:06 25838                      /apache-tomcat-7.0.22/lib/log4j-1.2.15.jar
7f8054156000-7f8054162000 r--s 000aa000 08:06 25836                      /apache-tomcat-7.0.22/lib/jxl-2.6.10.jar
7f8054162000-7f8054164000 r--s 00001000 08:06 25834                      /apache-tomcat-7.0.22/lib/jta.jar
7f8054164000-7f8054166000 r--s 00003000 08:06 25832                      /apache-tomcat-7.0.22/lib/js_saaj-api-1.3.jar
7f8054166000-7f805416d000 r--s 00051000 08:06 25831                      /apache-tomcat-7.0.22/lib/js_mail-1.4.jar
7f805416d000-7f805416f000 r--s 00006000 08:06 25830                      /apache-tomcat-7.0.22/lib/js_jaxrpc.jar
7f805416f000-7f8054171000 r--s 0000c000 08:06 25829                      /apache-tomcat-7.0.22/lib/js_jasperserver-common-ws-3.5.0.jar
7f8054171000-7f8054177000 r--s 00045000 08:06 25828                      /apache-tomcat-7.0.22/lib/js_commons-httpclient-3.1.jar
7f8054177000-7f805417a000 r--s 0000f000 08:06 25827                      /apache-tomcat-7.0.22/lib/js_commons-discovery-0.2.jar
7f805417a000-7f805417c000 r--s 0000a000 08:06 25826                      /apache-tomcat-7.0.22/lib/js_commons-codec-1.3.jar
7f805417c000-7f8054190000 r--s 00173000 08:06 25825                      /apache-tomcat-7.0.22/lib/js_axis-1.4patched.jar
7f8054190000-7f8054192000 r--s 0000c000 08:06 25824                      /apache-tomcat-7.0.22/lib/js_activation-1.1.jar
7f8054192000-7f8054195000 r--s 00013000 08:06 21296                      /apache-tomcat-7.0.22/lib/jsp-api.jar
7f8054195000-7f8054198000 r--s 00009000 08:06 25823                      /apache-tomcat-7.0.22/lib/jpa.jar
7f8054198000-7f80541a8000 r--s 0013f000 08:06 25822                      /apache-tomcat-7.0.22/lib/jfreechart-1.0.12.jar
7f80541a8000-7f80541b2000 r--s 0011e000 08:06 25820                      /apache-tomcat-7.0.22/lib/jdt-compiler-3.1.1.jar
7f80541b2000-7f80541b8000 r--s 00046000 08:06 25818                      /apache-tomcat-7.0.22/lib/jcommon-1.0.15.jar
7f80541b8000-7f80541f6000 r--s 0025b000 08:06 25860                      /apache-tomcat-7.0.22/lib/xbean.jar
7f80541f6000-7f8054202000 r--s 000e5000 08:06 25850                      /apache-tomcat-7.0.22/lib/rhino-1.7R1.jar
7f8054202000-7f8054205000 r--s 0001c000 08:06 25833                      /apache-tomcat-7.0.22/lib/js_wsdl4j-1.5.1.jar
7f8054205000-7f8054207000 r--s 00050000 08:06 25803                      /apache-tomcat-7.0.22/lib/iTextAsian.jar
7f8054207000-7f8054216000 r--s 00193000 08:06 21292                      /apache-tomcat-7.0.22/lib/ecj-3.7.jar
7f8054216000-7f8054218000 r--s 0001e000 08:06 21289                      /apache-tomcat-7.0.22/lib/catalina-ha.jar
7f8054218000-7f805421c000 r--s 00027000 08:06 25758                      /apache-tomcat-7.0.22/lib/batik-dom.jar
7f805421c000-7f8054222000 r--s 00032000 08:06 25816                      /apache-tomcat-7.0.22/lib/jaxen-1.1.1.jar
7f8054222000-7f8054228000 r--s 0006d000 08:06 25814                      /apache-tomcat-7.0.22/lib/javassist-3.4.GA.jar
7f8054228000-7f805422b000 r--s 00038000 08:06 25813                      /apache-tomcat-7.0.22/lib/javacup.jar
7f805422b000-7f805422e000 r--s 0002b000 08:06 25812                      /apache-tomcat-7.0.22/lib/jasperreports-jtidy-r938.jar
7f805422e000-7f8054230000 r--s 00008000 08:06 25811                      /apache-tomcat-7.0.22/lib/jasperreports-htmlcomponent-4.1.1.jar
7f8054230000-7f8054232000 r--s 004b9000 08:06 25810                      /apache-tomcat-7.0.22/lib/jasperreports-fonts-4.1.1.jar
7f8054232000-7f8054233000 r--s 00008000 08:06 25809                      /apache-tomcat-7.0.22/lib/jasperreports-extensions-3.5.3.jar
7f8054233000-7f8054244000 r--s 000f7000 08:06 25808                      /apache-tomcat-7.0.22/lib/jasperreports-core-renderer.jar
7f8054244000-7f8054247000 r--s 00023000 08:06 25807                      /apache-tomcat-7.0.22/lib/jasperreports-chart-themes-4.1.1.jar
7f8054247000-7f8054281000 r--s 002e6000 08:06 25805                      /apache-tomcat-7.0.22/lib/jasperreports-4.1.1.jar
7f8054281000-7f8054289000 r--s 00089000 08:06 21295                      /apache-tomcat-7.0.22/lib/jasper.jar
7f8054289000-7f805428b000 r--s 0001c000 08:06 21294                      /apache-tomcat-7.0.22/lib/jasper-el.jar
7f805428b000-7f8054295000 r--s 00079000 08:06 25804                      /apache-tomcat-7.0.22/lib/jakarta-bcel-20050813.jar
7f8054295000-7f80542a1000 r--s 00108000 08:06 25802                      /apache-tomcat-7.0.22/lib/iText-2.1.7.jar
7f80542a1000-7f80542aa000 r--s 000a4000 08:06 25800                      /apache-tomcat-7.0.22/lib/hsqldb-1.8.0-10.jar
7f80542aa000-7f80542d6000 r--s 00278000 08:06 25798                      /apache-tomcat-7.0.22/lib/hibernate3.jar
7f80542d6000-7f80542d9000 r--s 0000e000 08:06 25796                      /apache-tomcat-7.0.22/lib/hibernate-commons-annotations.jar
7f80542d9000-7f80542de000 r--s 00040000 08:06 25795                      /apache-tomcat-7.0.22/lib/hibernate-annotations.jar
7f80542de000-7f8054330000 r--s 004e9000 08:06 25794                      /apache-tomcat-7.0.22/lib/groovy-all-1.7.5.jar
7f8054330000-7f8054332000 r--s 00009000 08:06 21293                      /apache-tomcat-7.0.22/lib/el-api.jar
7f8054332000-7f8054335000 r--s 0000a000 08:06 25792                      /apache-tomcat-7.0.22/lib/ejb3-persistence.jar
7f8054335000-7f8054338000 r--s 00015000 08:06 25791                      /apache-tomcat-7.0.22/lib/eigenbase-xom-1.3.0.11999.jar
7f8054338000-7f805433a000 r--s 0000d000 08:06 25790                      /apache-tomcat-7.0.22/lib/eigenbase-resgen-1.3.0.11873.jar
7f805433a000-7f805433c000 r--s 00002000 08:06 25789                      /apache-tomcat-7.0.22/lib/eigenbase-properties-1.1.0.10924.jar
7f805433c000-7f805433e000 r--s 0000a000 08:06 25788                      /apache-tomcat-7.0.22/lib/ehcache-1.1.jar
7f805433e000-7f8054340000 r--s 0000c000 08:06 21288                      /apache-tomcat-7.0.22/lib/catalina-ant.jar
7f8054340000-7f805434f000 r--s 000c3000 08:06 25772                      /apache-tomcat-7.0.22/lib/castor-1.2.jar
7f805434f000-7f8054354000 r--s 00040000 08:06 25771                      /apache-tomcat-7.0.22/lib/bsh-2.0b4.jar
7f8054354000-7f805435e000 r--s 00079000 08:06 25769                      /apache-tomcat-7.0.22/lib/bcel-5.2.jar
7f805435e000-7f805435f000 r--s 00007000 08:06 25766                      /apache-tomcat-7.0.22/lib/batik-xml.jar
7f805435f000-7f8054362000 r--s 0001d000 08:06 25765                      /apache-tomcat-7.0.22/lib/batik-util.jar
7f8054362000-7f8054367000 r--s 00030000 08:06 25764                      /apache-tomcat-7.0.22/lib/batik-svggen.jar
7f8054367000-7f8054374000 r--s 00087000 08:06 25763                      /apache-tomcat-7.0.22/lib/batik-svg-dom.jar
7f8054374000-7f8054377000 r--s 0000d000 08:06 25762                      /apache-tomcat-7.0.22/lib/batik-script.jar
7f8054377000-7f8054379000 r--s 00010000 08:06 25761                      /apache-tomcat-7.0.22/lib/batik-parser.jar
7f8054379000-7f805437d000 r--s 00038000 08:06 25760                      /apache-tomcat-7.0.22/lib/batik-gvt.jar
7f805437d000-7f805437e000 r--s 00002000 08:06 25759                      /apache-tomcat-7.0.22/lib/batik-ext.jar
7f805437e000-7f8054383000 r--s 00048000 08:06 25787                      /apache-tomcat-7.0.22/lib/dom4j-1.6.jar
7f8054383000-7f805438b000 r--s 00051000 08:06 25786                      /apache-tomcat-7.0.22/lib/commons-vfs-1.0.jar
7f805438b000-7f805438d000 r--s 0000e000 08:06 25785                      /apache-tomcat-7.0.22/lib/commons-pool-1.3.jar
7f805438d000-7f8054392000 r--s 00021000 08:06 25784                      /apache-tomcat-7.0.22/lib/commons-math-1.0.jar
7f8054392000-7f8054393000 r--s 0000c000 08:06 25783                      /apache-tomcat-7.0.22/lib/commons-logging-1.1.jar
7f8054393000-7f8054396000 r--s 00015000 08:06 25782                      /apache-tomcat-7.0.22/lib/commons-javaflow-20060411.jar
7f8054396000-7f805439a000 r--s 0001f000 08:06 25781                      /apache-tomcat-7.0.22/lib/commons-digester-1.7.jar
7f805439a000-7f805439c000 r--s 0001c000 08:06 25780                      /apache-tomcat-7.0.22/lib/commons-dbcp-1.2.2.jar
7f805439c000-7f80543aa000 r--s 0007f000 08:06 25779                      /apache-tomcat-7.0.22/lib/commons-collections-3.2.1.jar
7f80543aa000-7f80543af000 r--s 00034000 08:06 25778                      /apache-tomcat-7.0.22/lib/commons-beanutils-1.8.2.jar
7f80543af000-7f80543b0000 r--s 00004000 08:06 25775                      /apache-tomcat-7.0.22/lib/cincom-jr-xmla.jar
7f80543b0000-7f80543b6000 r--s 0003f000 08:06 25774                      /apache-tomcat-7.0.22/lib/cglib-2.1.jar
7f80543b6000-7f80543c8000 r--s 00155000 08:06 21291                      /apache-tomcat-7.0.22/lib/catalina.jar
7f80543c8000-7f80543cc000 r--s 0003a000 08:06 21290                      /apache-tomcat-7.0.22/lib/catalina-tribes.jar
7f80543cc000-7f80543d4000 r--s 00045000 08:06 25757                      /apache-tomcat-7.0.22/lib/batik-css.jar
7f80543d4000-7f80543de000 r--s 00080000 08:06 25756                      /apache-tomcat-7.0.22/lib/batik-bridge.jar
7f80543de000-7f80543e5000 r--s 0005c000 08:06 25755                      /apache-tomcat-7.0.22/lib/batik-awt-util.jar
7f80543e5000-7f80543e8000 r--s 00015000 08:06 25754                      /apache-tomcat-7.0.22/lib/batik-anim.jar
7f80543e8000-7f80543ed000 r--s 0003a000 08:06 25752                      /apache-tomcat-7.0.22/lib/barcode4j-2.0.jar
7f80543ed000-7f80543f0000 r--s 00014000 08:06 25749                      /apache-tomcat-7.0.22/lib/barbecue-1.5-beta1.jar
7f80543f0000-7f80543f1000 r--s 00006000 08:06 25747                      /apache-tomcat-7.0.22/lib/asm.jar
7f80543f1000-7f80543f3000 r--s 00003000 08:06 25746                      /apache-tomcat-7.0.22/lib/asm-attrs.jar
7f80543f3000-7f80543f9000 r--s 00067000 08:06 25745                      /apache-tomcat-7.0.22/lib/antlr-2.7.6.jar
7f80543f9000-7f8054400000 r-xp 00000000 08:07 3638434                    /usr/lib/jvm/java-6-openjdk/jre/lib/amd64/libmanagement.so
7f8054400000-7f80545ff000 ---p 00007000 08:07 3638434                    /usr/lib/jvm/java-6-openjdk/jre/lib/amd64/libmanagement.so
7f80545ff000-7f8054600000 rw-p 00006000 08:07 3638434                    /usr/lib/jvm/java-6-openjdk/jre/lib/amd64/libmanagement.so
7f8054600000-7f8054601000 ---p 00000000 00:00 0 
7f8054601000-7f8054701000 rw-p 00000000 00:00 0 
7f8054701000-7f8054704000 ---p 00000000 00:00 0 
7f8054704000-7f8054802000 rw-p 00000000 00:00 0 
7f8054802000-7f8054805000 ---p 00000000 00:00 0 
7f8054805000-7f8054903000 rw-p 00000000 00:00 0 
7f8054903000-7f8054906000 ---p 00000000 00:00 0 
7f8054906000-7f8054a04000 rw-p 00000000 00:00 0 
7f8054a04000-7f8054a07000 ---p 00000000 00:00 0 
7f8054a07000-7f8054b05000 rw-p 00000000 00:00 0 
7f8054b05000-7f8054c7a000 r--p 00000000 08:07 3327548                    /usr/lib/locale/locale-archive
7f8054c7a000-7f8054c7d000 ---p 00000000 00:00 0 
7f8054c7d000-7f8054d7b000 rw-p 00000000 00:00 0 
7f8054d7b000-7f8054d7e000 ---p 00000000 00:00 0 
7f8054d7e000-7f8054e7c000 rw-p 00000000 00:00 0 
7f8054e7c000-7f8054e7d000 ---p 00000000 00:00 0 
7f8054e7d000-7f8055013000 rw-p 00000000 00:00 0 
7f8055013000-7f80551a6000 r--s 0392b000 08:07 3314227                    /usr/lib/jvm/java-6-openjdk/jre/lib/rt.jar
7f80551a6000-7f80551ce000 rw-p 00000000 00:00 0 
7f80551ce000-7f80551cf000 ---p 00000000 00:00 0 
7f80551cf000-7f80552cf000 rw-p 00000000 00:00 0 
7f80552cf000-7f80552d0000 ---p 00000000 00:00 0 
7f80552d0000-7f80553d0000 rw-p 00000000 00:00 0 
7f80553d0000-7f80553e1000 rwxp 00000000 00:00 0 
7f80553e1000-7f8055424000 rwxp 00000000 00:00 0 
7f8055424000-7f805542f000 rwxp 00000000 00:00 0 
7f805542f000-7f80554c7000 rwxp 00000000 00:00 0 
7f80554c7000-7f80554d8000 rwxp 00000000 00:00 0 
7f80554d8000-7f805551b000 rwxp 00000000 00:00 0 
7f805551b000-7f8055526000 rwxp 00000000 00:00 0 
7f8055526000-7f80555bd000 rwxp 00000000 00:00 0 
7f80555bd000-7f80555db000 rwxp 00000000 00:00 0 
7f80555db000-7f805560f000 rwxp 00000000 00:00 0 
7f805560f000-7f8057710000 rwxp 00000000 00:00 0 
7f8057710000-7f805fe10000 rwxp 00000000 00:00 0 
7f805fe10000-7f8061260000 rwxp 00000000 00:00 0 
7f8061260000-7f8074370000 rwxp 00000000 00:00 0 
7f8074370000-7f8077ce0000 rwxp 00000000 00:00 0 
7f8077ce0000-7f807e610000 rwxp 00000000 00:00 0 
7f807e610000-7f807e880000 rwxp 00000000 00:00 0 
7f807e880000-7f8081610000 rwxp 00000000 00:00 0 
7f8081610000-7f8081617000 r-xp 00000000 08:07 3638443                    /usr/lib/jvm/java-6-openjdk/jre/lib/amd64/libzip.so
7f8081617000-7f8081816000 ---p 00007000 08:07 3638443                    /usr/lib/jvm/java-6-openjdk/jre/lib/amd64/libzip.so
7f8081816000-7f8081817000 rw-p 00006000 08:07 3638443                    /usr/lib/jvm/java-6-openjdk/jre/lib/amd64/libzip.so
7f8081817000-7f8081822000 r-xp 00000000 08:07 3237238                    /lib/libnss_files-2.11.2.so
7f8081822000-7f8081a21000 ---p 0000b000 08:07 3237238                    /lib/libnss_files-2.11.2.so
7f8081a21000-7f8081a22000 r--p 0000a000 08:07 3237238                    /lib/libnss_files-2.11.2.so
7f8081a22000-7f8081a23000 rw-p 0000b000 08:07 3237238                    /lib/libnss_files-2.11.2.so
7f8081a23000-7f8081a2d000 r-xp 00000000 08:07 3237181                    /lib/libnss_nis-2.11.2.so
7f8081a2d000-7f8081c2c000 ---p 0000a000 08:07 3237181                    /lib/libnss_nis-2.11.2.so
7f8081c2c000-7f8081c2d000 r--p 00009000 08:07 3237181                    /lib/libnss_nis-2.11.2.so
7f8081c2d000-7f8081c2e000 rw-p 0000a000 08:07 3237181                    /lib/libnss_nis-2.11.2.so
7f8081c2e000-7f8081c35000 r-xp 00000000 08:07 3237248                    /lib/libnss_compat-2.11.2.so
7f8081c35000-7f8081e34000 ---p 00007000 08:07 3237248                    /lib/libnss_compat-2.11.2.so
7f8081e34000-7f8081e35000 r--p 00006000 08:07 3237248                    /lib/libnss_compat-2.11.2.so
7f8081e35000-7f8081e36000 rw-p 00007000 08:07 3237248                    /lib/libnss_compat-2.11.2.so
7f8081e36000-7f8081e3e000 r-xp 00000000 08:07 720911                     /usr/lib/jvm/java-6-openjdk/jre/lib/amd64/native_threads/libhpi.so
7f8081e3e000-7f808203d000 ---p 00008000 08:07 720911                     /usr/lib/jvm/java-6-openjdk/jre/lib/amd64/native_threads/libhpi.so
7f808203d000-7f808203f000 rw-p 00007000 08:07 720911                     /usr/lib/jvm/java-6-openjdk/jre/lib/amd64/native_threads/libhpi.so
7f808203f000-7f8082054000 r-xp 00000000 08:07 3237251                    /lib/libnsl-2.11.2.so
7f8082054000-7f8082253000 ---p 00015000 08:07 3237251                    /lib/libnsl-2.11.2.so
7f8082253000-7f8082254000 r--p 00014000 08:07 3237251                    /lib/libnsl-2.11.2.so
7f8082254000-7f8082255000 rw-p 00015000 08:07 3237251                    /lib/libnsl-2.11.2.so
7f8082255000-7f8082257000 rw-p 00000000 00:00 0 
7f8082257000-7f8082283000 r-xp 00000000 08:07 3638425                    /usr/lib/jvm/java-6-openjdk/jre/lib/amd64/libjava.so
7f8082283000-7f8082482000 ---p 0002c000 08:07 3638425                    /usr/lib/jvm/java-6-openjdk/jre/lib/amd64/libjava.so
7f8082482000-7f8082486000 rw-p 0002b000 08:07 3638425                    /usr/lib/jvm/java-6-openjdk/jre/lib/amd64/libjava.so
7f8082486000-7f8082494000 r-xp 00000000 08:07 3638442                    /usr/lib/jvm/java-6-openjdk/jre/lib/amd64/libverify.so
7f8082494000-7f8082694000 ---p 0000e000 08:07 3638442                    /usr/lib/jvm/java-6-openjdk/jre/lib/amd64/libverify.so
7f8082694000-7f8082696000 rw-p 0000e000 08:07 3638442                    /usr/lib/jvm/java-6-openjdk/jre/lib/amd64/libverify.so
7f8082696000-7f808269d000 r-xp 00000000 08:07 3237243                    /lib/librt-2.11.2.so
7f808269d000-7f808289c000 ---p 00007000 08:07 3237243                    /lib/librt-2.11.2.so
7f808289c000-7f808289d000 r--p 00006000 08:07 3237243                    /lib/librt-2.11.2.so
7f808289d000-7f808289e000 rw-p 00007000 08:07 3237243                    /lib/librt-2.11.2.so
7f808289e000-7f808291e000 r-xp 00000000 08:07 3237250                    /lib/libm-2.11.2.so
7f808291e000-7f8082b1e000 ---p 00080000 08:07 3237250                    /lib/libm-2.11.2.so
7f8082b1e000-7f8082b1f000 r--p 00080000 08:07 3237250                    /lib/libm-2.11.2.so
7f8082b1f000-7f8082b20000 rw-p 00081000 08:07 3237250                    /lib/libm-2.11.2.so
7f8082b20000-7f80832f0000 r-xp 00000000 08:07 3638444                    /usr/lib/jvm/java-6-openjdk/jre/lib/amd64/server/libjvm.so
7f80832f0000-7f80834f0000 ---p 007d0000 08:07 3638444                    /usr/lib/jvm/java-6-openjdk/jre/lib/amd64/server/libjvm.so
7f80834f0000-7f8083576000 rw-p 007d0000 08:07 3638444                    /usr/lib/jvm/java-6-openjdk/jre/lib/amd64/server/libjvm.so
7f8083576000-7f80835b2000 rw-p 00000000 00:00 0 
7f80835b2000-7f808370a000 r-xp 00000000 08:07 3237241                    /lib/libc-2.11.2.so
7f808370a000-7f8083909000 ---p 00158000 08:07 3237241                    /lib/libc-2.11.2.so
7f8083909000-7f808390d000 r--p 00157000 08:07 3237241                    /lib/libc-2.11.2.so
7f808390d000-7f808390e000 rw-p 0015b000 08:07 3237241                    /lib/libc-2.11.2.so
7f808390e000-7f8083913000 rw-p 00000000 00:00 0 
7f8083913000-7f8083915000 r-xp 00000000 08:07 3237240                    /lib/libdl-2.11.2.so
7f8083915000-7f8083b15000 ---p 00002000 08:07 3237240                    /lib/libdl-2.11.2.so
7f8083b15000-7f8083b16000 r--p 00002000 08:07 3237240                    /lib/libdl-2.11.2.so
7f8083b16000-7f8083b17000 rw-p 00003000 08:07 3237240                    /lib/libdl-2.11.2.so
7f8083b17000-7f8083b1b000 r-xp 00000000 08:07 714556                     /usr/lib/jvm/java-6-openjdk/jre/lib/amd64/jli/libjli.so
7f8083b1b000-7f8083d1a000 ---p 00004000 08:07 714556                     /usr/lib/jvm/java-6-openjdk/jre/lib/amd64/jli/libjli.so
7f8083d1a000-7f8083d1b000 rw-p 00003000 08:07 714556                     /usr/lib/jvm/java-6-openjdk/jre/lib/amd64/jli/libjli.so
7f8083d1b000-7f8083d32000 r-xp 00000000 08:07 3237242                    /lib/libpthread-2.11.2.so
7f8083d32000-7f8083f31000 ---p 00017000 08:07 3237242                    /lib/libpthread-2.11.2.so
7f8083f31000-7f8083f32000 r--p 00016000 08:07 3237242                    /lib/libpthread-2.11.2.so
7f8083f32000-7f8083f33000 rw-p 00017000 08:07 3237242                    /lib/libpthread-2.11.2.so
7f8083f33000-7f8083f37000 rw-p 00000000 00:00 0 
7f8083f37000-7f8083f4e000 r-xp 00000000 08:07 3311706                    /usr/lib/libz.so.1.2.3.4
7f8083f4e000-7f808414d000 ---p 00017000 08:07 3311706                    /usr/lib/libz.so.1.2.3.4
7f808414d000-7f808414e000 rw-p 00016000 08:07 3311706                    /usr/lib/libz.so.1.2.3.4
7f808414e000-7f808416c000 r-xp 00000000 08:07 3237253                    /lib/ld-2.11.2.so
7f808416d000-7f808416e000 r--s 00005000 08:06 21306                      /apache-tomcat-7.0.22/lib/tomcat-util.jar
7f808416e000-7f8084170000 r--s 0000b000 08:06 21304                      /apache-tomcat-7.0.22/lib/tomcat-i18n-ja.jar
7f8084170000-7f8084171000 r--s 00001000 08:06 21298                      /apache-tomcat-7.0.22/lib/tomcat-api.jar
7f8084171000-7f8084185000 r--s 0012f000 08:06 25743                      /apache-tomcat-7.0.22/lib/ant-1.7.1.jar
7f8084185000-7f8084186000 r--s 00003000 08:06 21287                      /apache-tomcat-7.0.22/lib/annotations-api.jar
7f8084186000-7f808418a000 r--s 0007c000 08:07 3637989                    /usr/lib/jvm/java-6-openjdk/jre/lib/jsse.jar
7f808418a000-7f8084194000 rwxp 00000000 00:00 0 
7f8084194000-7f808424a000 rwxp 00000000 00:00 0 
7f808424a000-7f808424d000 ---p 00000000 00:00 0 
7f808424d000-7f8084350000 rw-p 00000000 00:00 0 
7f8084350000-7f8084352000 r--s 00008000 08:06 21274                      /apache-tomcat-7.0.22/bin/tomcat-juli.jar
7f8084352000-7f8084353000 r--s 00005000 08:06 21262                      /apache-tomcat-7.0.22/bin/commons-daemon.jar
7f8084353000-7f8084354000 r--s 00006000 08:06 21257                      /apache-tomcat-7.0.22/bin/bootstrap.jar
7f8084354000-7f808435c000 r--s 00066000 08:07 3344957                    /usr/share/java/gnome-java-bridge.jar
7f808435c000-7f808435f000 r--s 0000f000 08:07 3638001                    /usr/lib/jvm/java-6-openjdk/jre/lib/ext/pulse-java.jar
7f808435f000-7f8084367000 rw-s 00000000 08:07 2908203                    /tmp/hsperfdata_karencita/2734
7f8084367000-7f8084368000 rw-p 00000000 00:00 0 
7f8084368000-7f8084369000 r--p 00000000 00:00 0 
7f8084369000-7f808436b000 rw-p 00000000 00:00 0 
7f808436b000-7f808436c000 r--p 0001d000 08:07 3237253                    /lib/ld-2.11.2.so
7f808436c000-7f808436d000 rw-p 0001e000 08:07 3237253                    /lib/ld-2.11.2.so
7f808436d000-7f808436e000 rw-p 00000000 00:00 0 
7fffd50e3000-7fffd50f8000 rw-p 00000000 00:00 0                          [stack]
7fffd5171000-7fffd5172000 r-xp 00000000 00:00 0                          [vdso]
ffffffffff600000-ffffffffff601000 r-xp 00000000 00:00 0                  [vsyscall]

VM Arguments:
jvm_args: -Djava.util.logging.config.file=/media/XD/apache-tomcat-7.0.22/conf/logging.properties -Djava.util.logging.manager=org.apache.juli.ClassLoaderLogManager -Djava.endorsed.dirs=/media/XD/apache-tomcat-7.0.22/endorsed -Dcatalina.base=/media/XD/apache-tomcat-7.0.22 -Dcatalina.home=/media/XD/apache-tomcat-7.0.22 -Djava.io.tmpdir=/media/XD/apache-tomcat-7.0.22/temp 
java_command: org.apache.catalina.startup.Bootstrap start
Launcher Type: SUN_STANDARD

Environment Variables:
PATH=/usr/local/bin:/usr/bin:/bin:/usr/local/games:/usr/games
LD_LIBRARY_PATH=/usr/lib/jvm/java-6-openjdk/jre/lib/amd64/server:/usr/lib/jvm/java-6-openjdk/jre/lib/amd64:/usr/lib/jvm/java-6-openjdk/jre/../lib/amd64
SHELL=/bin/bash
DISPLAY=:0

Signal Handlers:
SIGSEGV: [libjvm.so+0x683630], sa_mask[0]=0x7ffbfeff, sa_flags=0x10000004
SIGBUS: [libjvm.so+0x683630], sa_mask[0]=0x7ffbfeff, sa_flags=0x10000004
SIGFPE: [libjvm.so+0x5546b0], sa_mask[0]=0x7ffbfeff, sa_flags=0x10000004
SIGPIPE: SIG_IGN, sa_mask[0]=0x00000000, sa_flags=0x00000000
SIGXFSZ: [libjvm.so+0x5546b0], sa_mask[0]=0x7ffbfeff, sa_flags=0x10000004
SIGILL: [libjvm.so+0x5546b0], sa_mask[0]=0x7ffbfeff, sa_flags=0x10000004
SIGUSR1: SIG_DFL, sa_mask[0]=0x00000000, sa_flags=0x00000000
SIGUSR2: [libjvm.so+0x553e50], sa_mask[0]=0x00000000, sa_flags=0x10000004
SIGHUP: [libjvm.so+0x556280], sa_mask[0]=0x7ffbfeff, sa_flags=0x10000004
SIGINT: SIG_IGN, sa_mask[0]=0x00000000, sa_flags=0x00000000
SIGTERM: [libjvm.so+0x556280], sa_mask[0]=0x7ffbfeff, sa_flags=0x10000004
SIGQUIT: [libjvm.so+0x556280], sa_mask[0]=0x7ffbfeff, sa_flags=0x10000004


---------------  S Y S T E M  ---------------

OS:6.0.3

uname:Linux 2.6.32-5-amd64 #1 SMP Mon Oct 3 03:59:20 UTC 2011 x86_64
libc:glibc 2.11.2 NPTL 2.11.2 
rlimit: STACK 8192k, CORE 0k, NPROC infinity, NOFILE 1024, AS infinity
load average:7.08 2.30 0.98

CPU:total 2 (2 cores per cpu, 1 threads per core) family 6 model 15 stepping 13, cmov, cx8, fxsr, mmx, sse, sse2, sse3, ssse3

Memory: 4k page, physical 1990844k(1669552k free), swap 2369548k(2305612k free)

vm_info: OpenJDK 64-Bit Server VM (14.0-b16) for linux-amd64 JRE (1.6.0_18-b18), built on Sep 25 2011 06:44:43 by "pbuilder" with gcc 4.4.5

time: Sat Oct 29 18:23:31 2011
elapsed time: 12564 seconds

